----------------------------------------------------------------
Thu Mar 08 00:12:50 AST 2018:
Booting Derby version The Apache Software Foundation - Apache Derby - 10.13.1.1 - (1765088): instance a816c00e-0162-024f-3d49-0000071d27a0 
on database directory F:\Master\Thesis\Implementations\AWN3\wordnet with class loader sun.misc.Launcher$AppClassLoader@2a84aee7 
Loaded from file:/F:/Master/Thesis/Tools/derby/db-derby-10.13.1.1-bin/lib/derby.jar
java.vendor=Oracle Corporation
java.runtime.version=1.8.0_31-b13
user.dir=F:\Master\Thesis\Implementations\AWN3
os.name=Windows 8.1
os.arch=amd64
os.version=6.3
derby.system.home=null
Database Class Loader started - derby.database.classpath=''
----------------------------------------------------------------
Thu Mar 08 00:12:51 AST 2018:
Shutting down instance a816c00e-0162-024f-3d49-0000071d27a0 on database directory F:\Master\Thesis\Implementations\AWN3\wordnet with class loader sun.misc.Launcher$AppClassLoader@2a84aee7 
Thu Mar 08 00:12:52 AST 2018 Thread[main,5,main] Cleanup action starting
java.sql.SQLException: Failed to start database 'wordnet' with class loader sun.misc.Launcher$AppClassLoader@2a84aee7, see the next exception for details.
	at org.apache.derby.impl.jdbc.SQLExceptionFactory.getSQLException(Unknown Source)
	at org.apache.derby.impl.jdbc.SQLExceptionFactory.getSQLException(Unknown Source)
	at org.apache.derby.impl.jdbc.Util.seeNextException(Unknown Source)
	at org.apache.derby.impl.jdbc.EmbedConnection.bootDatabase(Unknown Source)
	at org.apache.derby.impl.jdbc.EmbedConnection.<init>(Unknown Source)
	at org.apache.derby.jdbc.InternalDriver$1.run(Unknown Source)
	at org.apache.derby.jdbc.InternalDriver$1.run(Unknown Source)
	at java.security.AccessController.doPrivileged(Native Method)
	at org.apache.derby.jdbc.InternalDriver.getNewEmbedConnection(Unknown Source)
	at org.apache.derby.jdbc.InternalDriver.connect(Unknown Source)
	at org.apache.derby.jdbc.InternalDriver.connect(Unknown Source)
	at org.apache.derby.jdbc.AutoloadedDriver.connect(Unknown Source)
	at java.sql.DriverManager.getConnection(DriverManager.java:664)
	at java.sql.DriverManager.getConnection(DriverManager.java:270)
	at DataAccess_Package.ArabicDBDataAccess3.connectDB(ArabicDBDataAccess3.java:33)
	at DataAccess_Package.ArabicDBDataAccess3.<init>(ArabicDBDataAccess3.java:26)
	at awn3.ArabicWordSenseList3.<init>(ArabicWordSenseList3.java:22)
	at awn3.AWN3.<init>(AWN3.java:49)
	at awn3.AWN3.main(AWN3.java:377)
Caused by: ERROR XJ040: Failed to start database 'wordnet' with class loader sun.misc.Launcher$AppClassLoader@2a84aee7, see the next exception for details.
	at org.apache.derby.iapi.error.StandardException.newException(Unknown Source)
	at org.apache.derby.impl.jdbc.SQLExceptionFactory.wrapArgsForTransportAcrossDRDA(Unknown Source)
	... 19 more
Caused by: ERROR XSAI2: The conglomerate (144) requested does not exist.
	at org.apache.derby.iapi.error.StandardException.newException(Unknown Source)
	at org.apache.derby.iapi.error.StandardException.newException(Unknown Source)
	at org.apache.derby.impl.store.access.heap.HeapConglomerateFactory.readConglomerate(Unknown Source)
	at org.apache.derby.impl.store.access.CacheableConglomerate.setIdentity(Unknown Source)
	at org.apache.derby.impl.services.cache.ConcurrentCache.find(Unknown Source)
	at org.apache.derby.impl.store.access.RAMAccessManager.conglomCacheFind(Unknown Source)
	at org.apache.derby.impl.store.access.RAMTransaction.findConglomerate(Unknown Source)
	at org.apache.derby.impl.store.access.RAMTransaction.findExistingConglomerate(Unknown Source)
	at org.apache.derby.impl.store.access.RAMTransaction.openConglomerate(Unknown Source)
	at org.apache.derby.impl.sql.catalog.DataDictionaryImpl.getDescriptorViaIndexMinion(Unknown Source)
	at org.apache.derby.impl.sql.catalog.DataDictionaryImpl.getDescriptorViaIndex(Unknown Source)
	at org.apache.derby.impl.sql.catalog.DataDictionaryImpl.getColumnDescriptorsScan(Unknown Source)
	at org.apache.derby.impl.sql.catalog.DataDictionaryImpl.getColumnDescriptorsScan(Unknown Source)
	at org.apache.derby.impl.sql.catalog.DataDictionaryImpl.finishTableDescriptor(Unknown Source)
	at org.apache.derby.impl.sql.catalog.DataDictionaryImpl.getTableDescriptorIndex1Scan(Unknown Source)
	at org.apache.derby.impl.sql.catalog.DataDictionaryImpl.getUncachedTableDescriptor(Unknown Source)
	at org.apache.derby.impl.sql.catalog.NameTDCacheable.setIdentity(Unknown Source)
	at org.apache.derby.impl.services.cache.ConcurrentCache.find(Unknown Source)
	at org.apache.derby.impl.sql.catalog.DataDictionaryImpl.getTableDescriptor(Unknown Source)
	at org.apache.derby.impl.sql.catalog.DataDictionaryImpl.faultInTabInfo(Unknown Source)
	at org.apache.derby.impl.sql.catalog.DataDictionaryImpl.getNonCoreTI(Unknown Source)
	at org.apache.derby.impl.sql.catalog.DataDictionaryImpl.clearSPSPlans(Unknown Source)
	at org.apache.derby.impl.sql.catalog.DD_Version.handleMinorRevisionChange(Unknown Source)
	at org.apache.derby.impl.sql.catalog.DD_Version.upgradeIfNeeded(Unknown Source)
	at org.apache.derby.impl.sql.catalog.DataDictionaryImpl.loadDictionaryTables(Unknown Source)
	at org.apache.derby.impl.sql.catalog.DataDictionaryImpl.boot(Unknown Source)
	at org.apache.derby.impl.services.monitor.BaseMonitor.boot(Unknown Source)
	at org.apache.derby.impl.services.monitor.TopService.bootModule(Unknown Source)
	at org.apache.derby.impl.services.monitor.BaseMonitor.startModule(Unknown Source)
	at org.apache.derby.impl.services.monitor.FileMonitor.startModule(Unknown Source)
	at org.apache.derby.iapi.services.monitor.Monitor.bootServiceModule(Unknown Source)
	at org.apache.derby.impl.db.BasicDatabase$5.run(Unknown Source)
	at java.security.AccessController.doPrivileged(Native Method)
	at org.apache.derby.impl.db.BasicDatabase.bootServiceModule(Unknown Source)
	at org.apache.derby.impl.db.BasicDatabase.boot(Unknown Source)
	at org.apache.derby.impl.services.monitor.BaseMonitor.boot(Unknown Source)
	at org.apache.derby.impl.services.monitor.TopService.bootModule(Unknown Source)
	at org.apache.derby.impl.services.monitor.BaseMonitor.bootService(Unknown Source)
	at org.apache.derby.impl.services.monitor.BaseMonitor.startProviderService(Unknown Source)
	at org.apache.derby.impl.services.monitor.BaseMonitor.findProviderAndStartService(Unknown Source)
	at org.apache.derby.impl.services.monitor.BaseMonitor.startPersistentService(Unknown Source)
	at org.apache.derby.iapi.services.monitor.Monitor.startPersistentService(Unknown Source)
	at org.apache.derby.impl.jdbc.EmbedConnection$4.run(Unknown Source)
	at org.apache.derby.impl.jdbc.EmbedConnection$4.run(Unknown Source)
	at java.security.AccessController.doPrivileged(Native Method)
	at org.apache.derby.impl.jdbc.EmbedConnection.startPersistentService(Unknown Source)
	... 16 more
============= begin nested exception, level (1) ===========
java.sql.SQLException: The conglomerate (144) requested does not exist.
	at org.apache.derby.impl.jdbc.SQLExceptionFactory.getSQLException(Unknown Source)
	at org.apache.derby.impl.jdbc.Util.generateCsSQLException(Unknown Source)
	at org.apache.derby.impl.jdbc.EmbedConnection.bootDatabase(Unknown Source)
	at org.apache.derby.impl.jdbc.EmbedConnection.<init>(Unknown Source)
	at org.apache.derby.jdbc.InternalDriver$1.run(Unknown Source)
	at org.apache.derby.jdbc.InternalDriver$1.run(Unknown Source)
	at java.security.AccessController.doPrivileged(Native Method)
	at org.apache.derby.jdbc.InternalDriver.getNewEmbedConnection(Unknown Source)
	at org.apache.derby.jdbc.InternalDriver.connect(Unknown Source)
	at org.apache.derby.jdbc.InternalDriver.connect(Unknown Source)
	at org.apache.derby.jdbc.AutoloadedDriver.connect(Unknown Source)
	at java.sql.DriverManager.getConnection(DriverManager.java:664)
	at java.sql.DriverManager.getConnection(DriverManager.java:270)
	at DataAccess_Package.ArabicDBDataAccess3.connectDB(ArabicDBDataAccess3.java:33)
	at DataAccess_Package.ArabicDBDataAccess3.<init>(ArabicDBDataAccess3.java:26)
	at awn3.ArabicWordSenseList3.<init>(ArabicWordSenseList3.java:22)
	at awn3.AWN3.<init>(AWN3.java:49)
	at awn3.AWN3.main(AWN3.java:377)
Caused by: ERROR XSAI2: The conglomerate (144) requested does not exist.
	at org.apache.derby.iapi.error.StandardException.newException(Unknown Source)
	at org.apache.derby.iapi.error.StandardException.newException(Unknown Source)
	at org.apache.derby.impl.store.access.heap.HeapConglomerateFactory.readConglomerate(Unknown Source)
	at org.apache.derby.impl.store.access.CacheableConglomerate.setIdentity(Unknown Source)
	at org.apache.derby.impl.services.cache.ConcurrentCache.find(Unknown Source)
	at org.apache.derby.impl.store.access.RAMAccessManager.conglomCacheFind(Unknown Source)
	at org.apache.derby.impl.store.access.RAMTransaction.findConglomerate(Unknown Source)
	at org.apache.derby.impl.store.access.RAMTransaction.findExistingConglomerate(Unknown Source)
	at org.apache.derby.impl.store.access.RAMTransaction.openConglomerate(Unknown Source)
	at org.apache.derby.impl.sql.catalog.DataDictionaryImpl.getDescriptorViaIndexMinion(Unknown Source)
	at org.apache.derby.impl.sql.catalog.DataDictionaryImpl.getDescriptorViaIndex(Unknown Source)
	at org.apache.derby.impl.sql.catalog.DataDictionaryImpl.getColumnDescriptorsScan(Unknown Source)
	at org.apache.derby.impl.sql.catalog.DataDictionaryImpl.getColumnDescriptorsScan(Unknown Source)
	at org.apache.derby.impl.sql.catalog.DataDictionaryImpl.finishTableDescriptor(Unknown Source)
	at org.apache.derby.impl.sql.catalog.DataDictionaryImpl.getTableDescriptorIndex1Scan(Unknown Source)
	at org.apache.derby.impl.sql.catalog.DataDictionaryImpl.getUncachedTableDescriptor(Unknown Source)
	at org.apache.derby.impl.sql.catalog.NameTDCacheable.setIdentity(Unknown Source)
	at org.apache.derby.impl.services.cache.ConcurrentCache.find(Unknown Source)
	at org.apache.derby.impl.sql.catalog.DataDictionaryImpl.getTableDescriptor(Unknown Source)
	at org.apache.derby.impl.sql.catalog.DataDictionaryImpl.faultInTabInfo(Unknown Source)
	at org.apache.derby.impl.sql.catalog.DataDictionaryImpl.getNonCoreTI(Unknown Source)
	at org.apache.derby.impl.sql.catalog.DataDictionaryImpl.clearSPSPlans(Unknown Source)
	at org.apache.derby.impl.sql.catalog.DD_Version.handleMinorRevisionChange(Unknown Source)
	at org.apache.derby.impl.sql.catalog.DD_Version.upgradeIfNeeded(Unknown Source)
	at org.apache.derby.impl.sql.catalog.DataDictionaryImpl.loadDictionaryTables(Unknown Source)
	at org.apache.derby.impl.sql.catalog.DataDictionaryImpl.boot(Unknown Source)
	at org.apache.derby.impl.services.monitor.BaseMonitor.boot(Unknown Source)
	at org.apache.derby.impl.services.monitor.TopService.bootModule(Unknown Source)
	at org.apache.derby.impl.services.monitor.BaseMonitor.startModule(Unknown Source)
	at org.apache.derby.impl.services.monitor.FileMonitor.startModule(Unknown Source)
	at org.apache.derby.iapi.services.monitor.Monitor.bootServiceModule(Unknown Source)
	at org.apache.derby.impl.db.BasicDatabase$5.run(Unknown Source)
	at java.security.AccessController.doPrivileged(Native Method)
	at org.apache.derby.impl.db.BasicDatabase.bootServiceModule(Unknown Source)
	at org.apache.derby.impl.db.BasicDatabase.boot(Unknown Source)
	at org.apache.derby.impl.services.monitor.BaseMonitor.boot(Unknown Source)
	at org.apache.derby.impl.services.monitor.TopService.bootModule(Unknown Source)
	at org.apache.derby.impl.services.monitor.BaseMonitor.bootService(Unknown Source)
	at org.apache.derby.impl.services.monitor.BaseMonitor.startProviderService(Unknown Source)
	at org.apache.derby.impl.services.monitor.BaseMonitor.findProviderAndStartService(Unknown Source)
	at org.apache.derby.impl.services.monitor.BaseMonitor.startPersistentService(Unknown Source)
	at org.apache.derby.iapi.services.monitor.Monitor.startPersistentService(Unknown Source)
	at org.apache.derby.impl.jdbc.EmbedConnection$4.run(Unknown Source)
	at org.apache.derby.impl.jdbc.EmbedConnection$4.run(Unknown Source)
	at java.security.AccessController.doPrivileged(Native Method)
	at org.apache.derby.impl.jdbc.EmbedConnection.startPersistentService(Unknown Source)
	... 16 more
============= end nested exception, level (1) ===========
============= begin nested exception, level (2) ===========
ERROR XSAI2: The conglomerate (144) requested does not exist.
	at org.apache.derby.iapi.error.StandardException.newException(Unknown Source)
	at org.apache.derby.iapi.error.StandardException.newException(Unknown Source)
	at org.apache.derby.impl.store.access.heap.HeapConglomerateFactory.readConglomerate(Unknown Source)
	at org.apache.derby.impl.store.access.CacheableConglomerate.setIdentity(Unknown Source)
	at org.apache.derby.impl.services.cache.ConcurrentCache.find(Unknown Source)
	at org.apache.derby.impl.store.access.RAMAccessManager.conglomCacheFind(Unknown Source)
	at org.apache.derby.impl.store.access.RAMTransaction.findConglomerate(Unknown Source)
	at org.apache.derby.impl.store.access.RAMTransaction.findExistingConglomerate(Unknown Source)
	at org.apache.derby.impl.store.access.RAMTransaction.openConglomerate(Unknown Source)
	at org.apache.derby.impl.sql.catalog.DataDictionaryImpl.getDescriptorViaIndexMinion(Unknown Source)
	at org.apache.derby.impl.sql.catalog.DataDictionaryImpl.getDescriptorViaIndex(Unknown Source)
	at org.apache.derby.impl.sql.catalog.DataDictionaryImpl.getColumnDescriptorsScan(Unknown Source)
	at org.apache.derby.impl.sql.catalog.DataDictionaryImpl.getColumnDescriptorsScan(Unknown Source)
	at org.apache.derby.impl.sql.catalog.DataDictionaryImpl.finishTableDescriptor(Unknown Source)
	at org.apache.derby.impl.sql.catalog.DataDictionaryImpl.getTableDescriptorIndex1Scan(Unknown Source)
	at org.apache.derby.impl.sql.catalog.DataDictionaryImpl.getUncachedTableDescriptor(Unknown Source)
	at org.apache.derby.impl.sql.catalog.NameTDCacheable.setIdentity(Unknown Source)
	at org.apache.derby.impl.services.cache.ConcurrentCache.find(Unknown Source)
	at org.apache.derby.impl.sql.catalog.DataDictionaryImpl.getTableDescriptor(Unknown Source)
	at org.apache.derby.impl.sql.catalog.DataDictionaryImpl.faultInTabInfo(Unknown Source)
	at org.apache.derby.impl.sql.catalog.DataDictionaryImpl.getNonCoreTI(Unknown Source)
	at org.apache.derby.impl.sql.catalog.DataDictionaryImpl.clearSPSPlans(Unknown Source)
	at org.apache.derby.impl.sql.catalog.DD_Version.handleMinorRevisionChange(Unknown Source)
	at org.apache.derby.impl.sql.catalog.DD_Version.upgradeIfNeeded(Unknown Source)
	at org.apache.derby.impl.sql.catalog.DataDictionaryImpl.loadDictionaryTables(Unknown Source)
	at org.apache.derby.impl.sql.catalog.DataDictionaryImpl.boot(Unknown Source)
	at org.apache.derby.impl.services.monitor.BaseMonitor.boot(Unknown Source)
	at org.apache.derby.impl.services.monitor.TopService.bootModule(Unknown Source)
	at org.apache.derby.impl.services.monitor.BaseMonitor.startModule(Unknown Source)
	at org.apache.derby.impl.services.monitor.FileMonitor.startModule(Unknown Source)
	at org.apache.derby.iapi.services.monitor.Monitor.bootServiceModule(Unknown Source)
	at org.apache.derby.impl.db.BasicDatabase$5.run(Unknown Source)
	at java.security.AccessController.doPrivileged(Native Method)
	at org.apache.derby.impl.db.BasicDatabase.bootServiceModule(Unknown Source)
	at org.apache.derby.impl.db.BasicDatabase.boot(Unknown Source)
	at org.apache.derby.impl.services.monitor.BaseMonitor.boot(Unknown Source)
	at org.apache.derby.impl.services.monitor.TopService.bootModule(Unknown Source)
	at org.apache.derby.impl.services.monitor.BaseMonitor.bootService(Unknown Source)
	at org.apache.derby.impl.services.monitor.BaseMonitor.startProviderService(Unknown Source)
	at org.apache.derby.impl.services.monitor.BaseMonitor.findProviderAndStartService(Unknown Source)
	at org.apache.derby.impl.services.monitor.BaseMonitor.startPersistentService(Unknown Source)
	at org.apache.derby.iapi.services.monitor.Monitor.startPersistentService(Unknown Source)
	at org.apache.derby.impl.jdbc.EmbedConnection$4.run(Unknown Source)
	at org.apache.derby.impl.jdbc.EmbedConnection$4.run(Unknown Source)
	at java.security.AccessController.doPrivileged(Native Method)
	at org.apache.derby.impl.jdbc.EmbedConnection.startPersistentService(Unknown Source)
	at org.apache.derby.impl.jdbc.EmbedConnection.bootDatabase(Unknown Source)
	at org.apache.derby.impl.jdbc.EmbedConnection.<init>(Unknown Source)
	at org.apache.derby.jdbc.InternalDriver$1.run(Unknown Source)
	at org.apache.derby.jdbc.InternalDriver$1.run(Unknown Source)
	at java.security.AccessController.doPrivileged(Native Method)
	at org.apache.derby.jdbc.InternalDriver.getNewEmbedConnection(Unknown Source)
	at org.apache.derby.jdbc.InternalDriver.connect(Unknown Source)
	at org.apache.derby.jdbc.InternalDriver.connect(Unknown Source)
	at org.apache.derby.jdbc.AutoloadedDriver.connect(Unknown Source)
	at java.sql.DriverManager.getConnection(DriverManager.java:664)
	at java.sql.DriverManager.getConnection(DriverManager.java:270)
	at DataAccess_Package.ArabicDBDataAccess3.connectDB(ArabicDBDataAccess3.java:33)
	at DataAccess_Package.ArabicDBDataAccess3.<init>(ArabicDBDataAccess3.java:26)
	at awn3.ArabicWordSenseList3.<init>(ArabicWordSenseList3.java:22)
	at awn3.AWN3.<init>(AWN3.java:49)
	at awn3.AWN3.main(AWN3.java:377)
============= end nested exception, level (2) ===========
Cleanup action completed
----------------------------------------------------------------
Thu Mar 08 00:12:52 AST 2018:
Booting Derby version The Apache Software Foundation - Apache Derby - 10.13.1.1 - (1765088): instance 601a400f-0162-024f-3d49-0000071d27a0 
on database directory F:\Master\Thesis\Implementations\AWN3\wordnet with class loader sun.misc.Launcher$AppClassLoader@2a84aee7 
Loaded from file:/F:/Master/Thesis/Tools/derby/db-derby-10.13.1.1-bin/lib/derby.jar
java.vendor=Oracle Corporation
java.runtime.version=1.8.0_31-b13
user.dir=F:\Master\Thesis\Implementations\AWN3
os.name=Windows 8.1
os.arch=amd64
os.version=6.3
derby.system.home=null
Database Class Loader started - derby.database.classpath=''
----------------------------------------------------------------
Thu Mar 08 00:12:52 AST 2018:
Shutting down instance 601a400f-0162-024f-3d49-0000071d27a0 on database directory F:\Master\Thesis\Implementations\AWN3\wordnet with class loader sun.misc.Launcher$AppClassLoader@2a84aee7 
Thu Mar 08 00:12:52 AST 2018 Thread[main,5,main] Cleanup action starting
java.sql.SQLException: Failed to start database 'wordnet' with class loader sun.misc.Launcher$AppClassLoader@2a84aee7, see the next exception for details.
	at org.apache.derby.impl.jdbc.SQLExceptionFactory.getSQLException(Unknown Source)
	at org.apache.derby.impl.jdbc.SQLExceptionFactory.getSQLException(Unknown Source)
	at org.apache.derby.impl.jdbc.Util.seeNextException(Unknown Source)
	at org.apache.derby.impl.jdbc.EmbedConnection.bootDatabase(Unknown Source)
	at org.apache.derby.impl.jdbc.EmbedConnection.<init>(Unknown Source)
	at org.apache.derby.jdbc.InternalDriver$1.run(Unknown Source)
	at org.apache.derby.jdbc.InternalDriver$1.run(Unknown Source)
	at java.security.AccessController.doPrivileged(Native Method)
	at org.apache.derby.jdbc.InternalDriver.getNewEmbedConnection(Unknown Source)
	at org.apache.derby.jdbc.InternalDriver.connect(Unknown Source)
	at org.apache.derby.jdbc.InternalDriver.connect(Unknown Source)
	at org.apache.derby.jdbc.AutoloadedDriver.connect(Unknown Source)
	at java.sql.DriverManager.getConnection(DriverManager.java:664)
	at java.sql.DriverManager.getConnection(DriverManager.java:270)
	at DataAccess_Package.ArabicDBDataAccess3.connectDB(ArabicDBDataAccess3.java:33)
	at DataAccess_Package.ArabicDBDataAccess3.<init>(ArabicDBDataAccess3.java:26)
	at awn3.AWN3.<init>(AWN3.java:50)
	at awn3.AWN3.main(AWN3.java:377)
Caused by: ERROR XJ040: Failed to start database 'wordnet' with class loader sun.misc.Launcher$AppClassLoader@2a84aee7, see the next exception for details.
	at org.apache.derby.iapi.error.StandardException.newException(Unknown Source)
	at org.apache.derby.impl.jdbc.SQLExceptionFactory.wrapArgsForTransportAcrossDRDA(Unknown Source)
	... 18 more
Caused by: ERROR XSAI2: The conglomerate (144) requested does not exist.
	at org.apache.derby.iapi.error.StandardException.newException(Unknown Source)
	at org.apache.derby.iapi.error.StandardException.newException(Unknown Source)
	at org.apache.derby.impl.store.access.heap.HeapConglomerateFactory.readConglomerate(Unknown Source)
	at org.apache.derby.impl.store.access.CacheableConglomerate.setIdentity(Unknown Source)
	at org.apache.derby.impl.services.cache.ConcurrentCache.find(Unknown Source)
	at org.apache.derby.impl.store.access.RAMAccessManager.conglomCacheFind(Unknown Source)
	at org.apache.derby.impl.store.access.RAMTransaction.findConglomerate(Unknown Source)
	at org.apache.derby.impl.store.access.RAMTransaction.findExistingConglomerate(Unknown Source)
	at org.apache.derby.impl.store.access.RAMTransaction.openConglomerate(Unknown Source)
	at org.apache.derby.impl.sql.catalog.DataDictionaryImpl.getDescriptorViaIndexMinion(Unknown Source)
	at org.apache.derby.impl.sql.catalog.DataDictionaryImpl.getDescriptorViaIndex(Unknown Source)
	at org.apache.derby.impl.sql.catalog.DataDictionaryImpl.getColumnDescriptorsScan(Unknown Source)
	at org.apache.derby.impl.sql.catalog.DataDictionaryImpl.getColumnDescriptorsScan(Unknown Source)
	at org.apache.derby.impl.sql.catalog.DataDictionaryImpl.finishTableDescriptor(Unknown Source)
	at org.apache.derby.impl.sql.catalog.DataDictionaryImpl.getTableDescriptorIndex1Scan(Unknown Source)
	at org.apache.derby.impl.sql.catalog.DataDictionaryImpl.getUncachedTableDescriptor(Unknown Source)
	at org.apache.derby.impl.sql.catalog.NameTDCacheable.setIdentity(Unknown Source)
	at org.apache.derby.impl.services.cache.ConcurrentCache.find(Unknown Source)
	at org.apache.derby.impl.sql.catalog.DataDictionaryImpl.getTableDescriptor(Unknown Source)
	at org.apache.derby.impl.sql.catalog.DataDictionaryImpl.faultInTabInfo(Unknown Source)
	at org.apache.derby.impl.sql.catalog.DataDictionaryImpl.getNonCoreTI(Unknown Source)
	at org.apache.derby.impl.sql.catalog.DataDictionaryImpl.clearSPSPlans(Unknown Source)
	at org.apache.derby.impl.sql.catalog.DD_Version.handleMinorRevisionChange(Unknown Source)
	at org.apache.derby.impl.sql.catalog.DD_Version.upgradeIfNeeded(Unknown Source)
	at org.apache.derby.impl.sql.catalog.DataDictionaryImpl.loadDictionaryTables(Unknown Source)
	at org.apache.derby.impl.sql.catalog.DataDictionaryImpl.boot(Unknown Source)
	at org.apache.derby.impl.services.monitor.BaseMonitor.boot(Unknown Source)
	at org.apache.derby.impl.services.monitor.TopService.bootModule(Unknown Source)
	at org.apache.derby.impl.services.monitor.BaseMonitor.startModule(Unknown Source)
	at org.apache.derby.impl.services.monitor.FileMonitor.startModule(Unknown Source)
	at org.apache.derby.iapi.services.monitor.Monitor.bootServiceModule(Unknown Source)
	at org.apache.derby.impl.db.BasicDatabase$5.run(Unknown Source)
	at java.security.AccessController.doPrivileged(Native Method)
	at org.apache.derby.impl.db.BasicDatabase.bootServiceModule(Unknown Source)
	at org.apache.derby.impl.db.BasicDatabase.boot(Unknown Source)
	at org.apache.derby.impl.services.monitor.BaseMonitor.boot(Unknown Source)
	at org.apache.derby.impl.services.monitor.TopService.bootModule(Unknown Source)
	at org.apache.derby.impl.services.monitor.BaseMonitor.bootService(Unknown Source)
	at org.apache.derby.impl.services.monitor.BaseMonitor.startProviderService(Unknown Source)
	at org.apache.derby.impl.services.monitor.BaseMonitor.findProviderAndStartService(Unknown Source)
	at org.apache.derby.impl.services.monitor.BaseMonitor.startPersistentService(Unknown Source)
	at org.apache.derby.iapi.services.monitor.Monitor.startPersistentService(Unknown Source)
	at org.apache.derby.impl.jdbc.EmbedConnection$4.run(Unknown Source)
	at org.apache.derby.impl.jdbc.EmbedConnection$4.run(Unknown Source)
	at java.security.AccessController.doPrivileged(Native Method)
	at org.apache.derby.impl.jdbc.EmbedConnection.startPersistentService(Unknown Source)
	... 15 more
============= begin nested exception, level (1) ===========
java.sql.SQLException: The conglomerate (144) requested does not exist.
	at org.apache.derby.impl.jdbc.SQLExceptionFactory.getSQLException(Unknown Source)
	at org.apache.derby.impl.jdbc.Util.generateCsSQLException(Unknown Source)
	at org.apache.derby.impl.jdbc.EmbedConnection.bootDatabase(Unknown Source)
	at org.apache.derby.impl.jdbc.EmbedConnection.<init>(Unknown Source)
	at org.apache.derby.jdbc.InternalDriver$1.run(Unknown Source)
	at org.apache.derby.jdbc.InternalDriver$1.run(Unknown Source)
	at java.security.AccessController.doPrivileged(Native Method)
	at org.apache.derby.jdbc.InternalDriver.getNewEmbedConnection(Unknown Source)
	at org.apache.derby.jdbc.InternalDriver.connect(Unknown Source)
	at org.apache.derby.jdbc.InternalDriver.connect(Unknown Source)
	at org.apache.derby.jdbc.AutoloadedDriver.connect(Unknown Source)
	at java.sql.DriverManager.getConnection(DriverManager.java:664)
	at java.sql.DriverManager.getConnection(DriverManager.java:270)
	at DataAccess_Package.ArabicDBDataAccess3.connectDB(ArabicDBDataAccess3.java:33)
	at DataAccess_Package.ArabicDBDataAccess3.<init>(ArabicDBDataAccess3.java:26)
	at awn3.AWN3.<init>(AWN3.java:50)
	at awn3.AWN3.main(AWN3.java:377)
Caused by: ERROR XSAI2: The conglomerate (144) requested does not exist.
	at org.apache.derby.iapi.error.StandardException.newException(Unknown Source)
	at org.apache.derby.iapi.error.StandardException.newException(Unknown Source)
	at org.apache.derby.impl.store.access.heap.HeapConglomerateFactory.readConglomerate(Unknown Source)
	at org.apache.derby.impl.store.access.CacheableConglomerate.setIdentity(Unknown Source)
	at org.apache.derby.impl.services.cache.ConcurrentCache.find(Unknown Source)
	at org.apache.derby.impl.store.access.RAMAccessManager.conglomCacheFind(Unknown Source)
	at org.apache.derby.impl.store.access.RAMTransaction.findConglomerate(Unknown Source)
	at org.apache.derby.impl.store.access.RAMTransaction.findExistingConglomerate(Unknown Source)
	at org.apache.derby.impl.store.access.RAMTransaction.openConglomerate(Unknown Source)
	at org.apache.derby.impl.sql.catalog.DataDictionaryImpl.getDescriptorViaIndexMinion(Unknown Source)
	at org.apache.derby.impl.sql.catalog.DataDictionaryImpl.getDescriptorViaIndex(Unknown Source)
	at org.apache.derby.impl.sql.catalog.DataDictionaryImpl.getColumnDescriptorsScan(Unknown Source)
	at org.apache.derby.impl.sql.catalog.DataDictionaryImpl.getColumnDescriptorsScan(Unknown Source)
	at org.apache.derby.impl.sql.catalog.DataDictionaryImpl.finishTableDescriptor(Unknown Source)
	at org.apache.derby.impl.sql.catalog.DataDictionaryImpl.getTableDescriptorIndex1Scan(Unknown Source)
	at org.apache.derby.impl.sql.catalog.DataDictionaryImpl.getUncachedTableDescriptor(Unknown Source)
	at org.apache.derby.impl.sql.catalog.NameTDCacheable.setIdentity(Unknown Source)
	at org.apache.derby.impl.services.cache.ConcurrentCache.find(Unknown Source)
	at org.apache.derby.impl.sql.catalog.DataDictionaryImpl.getTableDescriptor(Unknown Source)
	at org.apache.derby.impl.sql.catalog.DataDictionaryImpl.faultInTabInfo(Unknown Source)
	at org.apache.derby.impl.sql.catalog.DataDictionaryImpl.getNonCoreTI(Unknown Source)
	at org.apache.derby.impl.sql.catalog.DataDictionaryImpl.clearSPSPlans(Unknown Source)
	at org.apache.derby.impl.sql.catalog.DD_Version.handleMinorRevisionChange(Unknown Source)
	at org.apache.derby.impl.sql.catalog.DD_Version.upgradeIfNeeded(Unknown Source)
	at org.apache.derby.impl.sql.catalog.DataDictionaryImpl.loadDictionaryTables(Unknown Source)
	at org.apache.derby.impl.sql.catalog.DataDictionaryImpl.boot(Unknown Source)
	at org.apache.derby.impl.services.monitor.BaseMonitor.boot(Unknown Source)
	at org.apache.derby.impl.services.monitor.TopService.bootModule(Unknown Source)
	at org.apache.derby.impl.services.monitor.BaseMonitor.startModule(Unknown Source)
	at org.apache.derby.impl.services.monitor.FileMonitor.startModule(Unknown Source)
	at org.apache.derby.iapi.services.monitor.Monitor.bootServiceModule(Unknown Source)
	at org.apache.derby.impl.db.BasicDatabase$5.run(Unknown Source)
	at java.security.AccessController.doPrivileged(Native Method)
	at org.apache.derby.impl.db.BasicDatabase.bootServiceModule(Unknown Source)
	at org.apache.derby.impl.db.BasicDatabase.boot(Unknown Source)
	at org.apache.derby.impl.services.monitor.BaseMonitor.boot(Unknown Source)
	at org.apache.derby.impl.services.monitor.TopService.bootModule(Unknown Source)
	at org.apache.derby.impl.services.monitor.BaseMonitor.bootService(Unknown Source)
	at org.apache.derby.impl.services.monitor.BaseMonitor.startProviderService(Unknown Source)
	at org.apache.derby.impl.services.monitor.BaseMonitor.findProviderAndStartService(Unknown Source)
	at org.apache.derby.impl.services.monitor.BaseMonitor.startPersistentService(Unknown Source)
	at org.apache.derby.iapi.services.monitor.Monitor.startPersistentService(Unknown Source)
	at org.apache.derby.impl.jdbc.EmbedConnection$4.run(Unknown Source)
	at org.apache.derby.impl.jdbc.EmbedConnection$4.run(Unknown Source)
	at java.security.AccessController.doPrivileged(Native Method)
	at org.apache.derby.impl.jdbc.EmbedConnection.startPersistentService(Unknown Source)
	... 15 more
============= end nested exception, level (1) ===========
============= begin nested exception, level (2) ===========
ERROR XSAI2: The conglomerate (144) requested does not exist.
	at org.apache.derby.iapi.error.StandardException.newException(Unknown Source)
	at org.apache.derby.iapi.error.StandardException.newException(Unknown Source)
	at org.apache.derby.impl.store.access.heap.HeapConglomerateFactory.readConglomerate(Unknown Source)
	at org.apache.derby.impl.store.access.CacheableConglomerate.setIdentity(Unknown Source)
	at org.apache.derby.impl.services.cache.ConcurrentCache.find(Unknown Source)
	at org.apache.derby.impl.store.access.RAMAccessManager.conglomCacheFind(Unknown Source)
	at org.apache.derby.impl.store.access.RAMTransaction.findConglomerate(Unknown Source)
	at org.apache.derby.impl.store.access.RAMTransaction.findExistingConglomerate(Unknown Source)
	at org.apache.derby.impl.store.access.RAMTransaction.openConglomerate(Unknown Source)
	at org.apache.derby.impl.sql.catalog.DataDictionaryImpl.getDescriptorViaIndexMinion(Unknown Source)
	at org.apache.derby.impl.sql.catalog.DataDictionaryImpl.getDescriptorViaIndex(Unknown Source)
	at org.apache.derby.impl.sql.catalog.DataDictionaryImpl.getColumnDescriptorsScan(Unknown Source)
	at org.apache.derby.impl.sql.catalog.DataDictionaryImpl.getColumnDescriptorsScan(Unknown Source)
	at org.apache.derby.impl.sql.catalog.DataDictionaryImpl.finishTableDescriptor(Unknown Source)
	at org.apache.derby.impl.sql.catalog.DataDictionaryImpl.getTableDescriptorIndex1Scan(Unknown Source)
	at org.apache.derby.impl.sql.catalog.DataDictionaryImpl.getUncachedTableDescriptor(Unknown Source)
	at org.apache.derby.impl.sql.catalog.NameTDCacheable.setIdentity(Unknown Source)
	at org.apache.derby.impl.services.cache.ConcurrentCache.find(Unknown Source)
	at org.apache.derby.impl.sql.catalog.DataDictionaryImpl.getTableDescriptor(Unknown Source)
	at org.apache.derby.impl.sql.catalog.DataDictionaryImpl.faultInTabInfo(Unknown Source)
	at org.apache.derby.impl.sql.catalog.DataDictionaryImpl.getNonCoreTI(Unknown Source)
	at org.apache.derby.impl.sql.catalog.DataDictionaryImpl.clearSPSPlans(Unknown Source)
	at org.apache.derby.impl.sql.catalog.DD_Version.handleMinorRevisionChange(Unknown Source)
	at org.apache.derby.impl.sql.catalog.DD_Version.upgradeIfNeeded(Unknown Source)
	at org.apache.derby.impl.sql.catalog.DataDictionaryImpl.loadDictionaryTables(Unknown Source)
	at org.apache.derby.impl.sql.catalog.DataDictionaryImpl.boot(Unknown Source)
	at org.apache.derby.impl.services.monitor.BaseMonitor.boot(Unknown Source)
	at org.apache.derby.impl.services.monitor.TopService.bootModule(Unknown Source)
	at org.apache.derby.impl.services.monitor.BaseMonitor.startModule(Unknown Source)
	at org.apache.derby.impl.services.monitor.FileMonitor.startModule(Unknown Source)
	at org.apache.derby.iapi.services.monitor.Monitor.bootServiceModule(Unknown Source)
	at org.apache.derby.impl.db.BasicDatabase$5.run(Unknown Source)
	at java.security.AccessController.doPrivileged(Native Method)
	at org.apache.derby.impl.db.BasicDatabase.bootServiceModule(Unknown Source)
	at org.apache.derby.impl.db.BasicDatabase.boot(Unknown Source)
	at org.apache.derby.impl.services.monitor.BaseMonitor.boot(Unknown Source)
	at org.apache.derby.impl.services.monitor.TopService.bootModule(Unknown Source)
	at org.apache.derby.impl.services.monitor.BaseMonitor.bootService(Unknown Source)
	at org.apache.derby.impl.services.monitor.BaseMonitor.startProviderService(Unknown Source)
	at org.apache.derby.impl.services.monitor.BaseMonitor.findProviderAndStartService(Unknown Source)
	at org.apache.derby.impl.services.monitor.BaseMonitor.startPersistentService(Unknown Source)
	at org.apache.derby.iapi.services.monitor.Monitor.startPersistentService(Unknown Source)
	at org.apache.derby.impl.jdbc.EmbedConnection$4.run(Unknown Source)
	at org.apache.derby.impl.jdbc.EmbedConnection$4.run(Unknown Source)
	at java.security.AccessController.doPrivileged(Native Method)
	at org.apache.derby.impl.jdbc.EmbedConnection.startPersistentService(Unknown Source)
	at org.apache.derby.impl.jdbc.EmbedConnection.bootDatabase(Unknown Source)
	at org.apache.derby.impl.jdbc.EmbedConnection.<init>(Unknown Source)
	at org.apache.derby.jdbc.InternalDriver$1.run(Unknown Source)
	at org.apache.derby.jdbc.InternalDriver$1.run(Unknown Source)
	at java.security.AccessController.doPrivileged(Native Method)
	at org.apache.derby.jdbc.InternalDriver.getNewEmbedConnection(Unknown Source)
	at org.apache.derby.jdbc.InternalDriver.connect(Unknown Source)
	at org.apache.derby.jdbc.InternalDriver.connect(Unknown Source)
	at org.apache.derby.jdbc.AutoloadedDriver.connect(Unknown Source)
	at java.sql.DriverManager.getConnection(DriverManager.java:664)
	at java.sql.DriverManager.getConnection(DriverManager.java:270)
	at DataAccess_Package.ArabicDBDataAccess3.connectDB(ArabicDBDataAccess3.java:33)
	at DataAccess_Package.ArabicDBDataAccess3.<init>(ArabicDBDataAccess3.java:26)
	at awn3.AWN3.<init>(AWN3.java:50)
	at awn3.AWN3.main(AWN3.java:377)
============= end nested exception, level (2) ===========
Cleanup action completed
